TN:
SF:/Users/gurkiratsingh/Desktop/Fuzzing Exercises/lib/openzeppelin-contracts/contracts/interfaces/draft-IERC6093.sol
DA:1,0
end_of_record

SF:/Users/gurkiratsingh/Desktop/Fuzzing Exercises/lib/openzeppelin-contracts/contracts/token/ERC20/ERC20.sol
DA:45,0
DA:46,0
DA:47,0
DA:53,0
DA:54,0
DA:61,0
DA:62,0
DA:78,0
DA:79,0
DA:85,0
DA:86,0
DA:92,0
DA:93,0
DA:104,0
DA:105,0
DA:106,0
DA:107,0
DA:113,0
DA:114,0
DA:127,0
DA:128,0
DA:129,0
DA:130,0
DA:149,0
DA:150,0
DA:151,0
DA:152,0
DA:153,0
DA:166,0
DA:167,0
DA:168,0
DA:170,0
DA:171,0
DA:173,0
DA:183,0
DA:184,0
DA:186,0
DA:187,0
DA:188,0
DA:189,0
DA:190,0
DA:194,0
DA:198,0
DA:201,0
DA:206,0
DA:210,0
DA:221,0
DA:222,0
DA:223,0
DA:225,0
DA:258,0
DA:259,0
DA:280,0
DA:281,0
DA:282,0
DA:284,0
DA:285,0
DA:287,0
DA:288,0
DA:289,0
DA:301,0
DA:302,0
DA:303,0
DA:304,0
DA:305,0
DA:308,0
end_of_record

SF:/Users/gurkiratsingh/Desktop/Fuzzing Exercises/lib/openzeppelin-contracts/contracts/token/ERC20/IERC20.sol
end_of_record

SF:/Users/gurkiratsingh/Desktop/Fuzzing Exercises/lib/openzeppelin-contracts/contracts/token/ERC20/extensions/IERC20Metadata.sol
end_of_record

SF:/Users/gurkiratsingh/Desktop/Fuzzing Exercises/lib/openzeppelin-contracts/contracts/utils/Address.sol
DA:8,0
DA:26,6
DA:31,1
DA:33,4
DA:35,6
DA:54,5
DA:55,7
DA:57,43
DA:58,4
DA:108,7
DA:112,1
DA:113,26
DA:122,8
DA:127,1
DA:128,7
DA:129,8
DA:131,47
DA:132,11
DA:195,8
DA:199,1
DA:200,5
DA:201,5
DA:204,8
DA:208,0
DA:209,0
DA:212,22
end_of_record

SF:/Users/gurkiratsingh/Desktop/Fuzzing Exercises/lib/openzeppelin-contracts/contracts/utils/Context.sol
DA:17,0
DA:18,0
end_of_record

SF:/Users/gurkiratsingh/Desktop/Fuzzing Exercises/lib/openzeppelin-contracts/contracts/utils/ReentrancyGuard.sol
DA:37,2
DA:38,2
DA:48,5
DA:59,4
DA:61,4
DA:64,2
DA:66,6
DA:67,0
DA:71,5
DA:74,2
DA:77,5
end_of_record

SF:/Users/gurkiratsingh/Desktop/Fuzzing Exercises/src/Exercise1/testToken.sol
DA:7,0
DA:11,0
DA:12,0
DA:18,0
DA:21,0
DA:23,0
end_of_record

SF:/Users/gurkiratsingh/Desktop/Fuzzing Exercises/src/Exercise1/token.sol
DA:4,0
DA:5,0
DA:8,0
DA:13,0
DA:16,0
DA:17,0
DA:20,0
DA:21,0
DA:24,0
DA:25,0
DA:29,0
DA:34,0
DA:35,0
DA:37,0
DA:42,0
DA:43,0
end_of_record

SF:/Users/gurkiratsingh/Desktop/Fuzzing Exercises/src/Exercise2/testToken.sol
DA:10,0
DA:13,0
DA:14,0
DA:15,0
DA:23,0
DA:24,0
end_of_record

SF:/Users/gurkiratsingh/Desktop/Fuzzing Exercises/src/Exercise2/token.sol
DA:4,0
DA:5,0
DA:14,0
DA:19,0
DA:22,0
DA:23,0
DA:26,0
DA:27,0
DA:30,0
DA:31,0
DA:35,0
DA:40,0
DA:41,0
DA:43,0
DA:44,0
DA:45,0
end_of_record

SF:/Users/gurkiratsingh/Desktop/Fuzzing Exercises/src/Exercise3/mintable.sol
DA:6,0
DA:7,0
DA:8,0
DA:10,0
DA:11,0
DA:24,0
DA:25,0
DA:27,0
DA:29,0
end_of_record

SF:/Users/gurkiratsingh/Desktop/Fuzzing Exercises/src/Exercise3/testToken.sol
DA:7,0
DA:18,0
DA:20,0
DA:21,0
DA:24,0
DA:26,0
end_of_record

SF:/Users/gurkiratsingh/Desktop/Fuzzing Exercises/src/Exercise3/token.sol
DA:6,0
DA:7,0
DA:10,0
DA:15,0
DA:18,0
DA:19,0
DA:22,0
DA:23,0
DA:26,0
DA:27,0
DA:31,0
DA:36,0
DA:37,0
DA:39,0
DA:40,0
DA:41,0
end_of_record

SF:/Users/gurkiratsingh/Desktop/Fuzzing Exercises/src/Exercise4/testToken.sol
DA:6,0
DA:8,0
DA:9,0
DA:10,0
DA:11,0
DA:12,0
DA:13,0
end_of_record

SF:/Users/gurkiratsingh/Desktop/Fuzzing Exercises/src/Exercise4/token.sol
DA:4,0
DA:5,0
DA:7,0
DA:8,0
DA:12,0
DA:17,0
DA:20,0
DA:21,0
DA:24,0
DA:25,0
DA:28,0
DA:29,0
DA:33,0
DA:38,0
DA:40,0
DA:42,0
DA:47,0
DA:48,0
end_of_record

SF:/Users/gurkiratsingh/Desktop/Fuzzing Exercises/src/Exercise5/EchidnaNaiveReciever.sol
DA:9,58
DA:16,28
DA:17,3
DA:22,43
DA:23,25
DA:24,59
DA:35,26
DA:44,0
DA:47,0
end_of_record

SF:/Users/gurkiratsingh/Desktop/Fuzzing Exercises/src/Exercise5/FlashLoanReceiver.sol
DA:11,42
DA:16,31
DA:17,21
DA:21,23
DA:22,39
DA:24,11
DA:26,7
DA:28,4
DA:31,22
DA:35,2
end_of_record

SF:/Users/gurkiratsingh/Desktop/Fuzzing Exercises/src/Exercise5/NaiveReceiverLenderPool.sol
DA:11,51
DA:15,3
DA:17,31
DA:18,2
DA:21,31
DA:23,4
DA:24,27
DA:27,30
DA:29,14
DA:30,43
DA:34,1
DA:37,3
DA:38,10
end_of_record

SF:/Users/gurkiratsingh/Desktop/Fuzzing Exercises/src/Exercise6/CustomERC20.sol
DA:8,0
DA:10,0
DA:11,0
end_of_record

SF:/Users/gurkiratsingh/Desktop/Fuzzing Exercises/src/Exercise6/DamnValuableToken.sol
DA:11,0
DA:14,0
DA:15,0
end_of_record

SF:/Users/gurkiratsingh/Desktop/Fuzzing Exercises/src/Exercise6/EchidnaReciever.sol
DA:11,0
DA:13,0
DA:14,0
DA:15,0
DA:16,0
DA:17,0
DA:18,0
DA:21,0
DA:22,0
DA:23,0
DA:24,0
DA:26,0
DA:27,0
DA:29,0
DA:30,0
DA:33,0
DA:34,0
DA:36,0
DA:37,0
DA:42,0
DA:45,0
DA:47,0
end_of_record

SF:/Users/gurkiratsingh/Desktop/Fuzzing Exercises/src/Exercise6/ReceiverUnstoppable.sol
DA:12,0
DA:17,0
DA:18,0
DA:19,0
DA:23,0
DA:24,0
DA:26,0
DA:29,0
DA:30,0
DA:31,0
end_of_record

SF:/Users/gurkiratsingh/Desktop/Fuzzing Exercises/src/Exercise6/UnstoppableLender.sol
DA:16,0
DA:18,0
DA:19,0
DA:21,0
DA:22,0
DA:23,0
DA:26,0
DA:27,0
DA:29,0
DA:30,0
DA:33,0
DA:34,0
DA:36,0
DA:37,0
DA:40,0
DA:42,0
DA:44,0
DA:46,0
DA:47,0
end_of_record

