TN:
SF:/Users/gurkiratsingh/Desktop/Fuzzing Exercises/lib/openzeppelin-contracts/contracts/interfaces/draft-IERC6093.sol
DA:1,0
end_of_record

SF:/Users/gurkiratsingh/Desktop/Fuzzing Exercises/lib/openzeppelin-contracts/contracts/token/ERC20/ERC20.sol
DA:45,36
DA:46,11
DA:47,11
DA:53,24
DA:54,73
DA:61,24
DA:62,73
DA:78,24
DA:79,3
DA:85,24
DA:86,4
DA:92,40
DA:93,21
DA:104,41
DA:105,7
DA:106,7
DA:107,4
DA:113,42
DA:114,38
DA:127,41
DA:128,7
DA:129,7
DA:130,4
DA:149,42
DA:150,7
DA:151,7
DA:152,7
DA:153,4
DA:166,5
DA:167,10
DA:168,0
DA:170,10
DA:171,22
DA:173,7
DA:183,10
DA:184,23
DA:186,19
DA:187,1
DA:188,22
DA:189,7
DA:190,26
DA:194,25
DA:198,22
DA:201,0
DA:206,62
DA:210,46
DA:221,4
DA:222,10
DA:223,0
DA:225,11
DA:258,5
DA:259,8
DA:280,6
DA:281,10
DA:282,0
DA:284,10
DA:285,22
DA:287,40
DA:288,5
DA:289,23
DA:301,6
DA:302,9
DA:303,7
DA:304,7
DA:305,26
DA:308,10
end_of_record

SF:/Users/gurkiratsingh/Desktop/Fuzzing Exercises/lib/openzeppelin-contracts/contracts/token/ERC20/IERC20.sol
end_of_record

SF:/Users/gurkiratsingh/Desktop/Fuzzing Exercises/lib/openzeppelin-contracts/contracts/token/ERC20/extensions/IERC20Metadata.sol
end_of_record

SF:/Users/gurkiratsingh/Desktop/Fuzzing Exercises/lib/openzeppelin-contracts/contracts/utils/Context.sol
DA:17,4
DA:18,3
end_of_record

SF:/Users/gurkiratsingh/Desktop/Fuzzing Exercises/lib/openzeppelin-contracts/contracts/utils/ReentrancyGuard.sol
DA:37,2
DA:38,2
DA:48,5
DA:59,8
DA:61,4
DA:64,2
DA:66,6
DA:67,0
DA:71,5
DA:74,2
DA:77,5
end_of_record

SF:/Users/gurkiratsingh/Desktop/Fuzzing Exercises/src/Exercise1/testToken.sol
DA:7,0
DA:11,0
DA:12,0
DA:18,0
DA:21,0
DA:23,0
end_of_record

SF:/Users/gurkiratsingh/Desktop/Fuzzing Exercises/src/Exercise1/token.sol
DA:4,0
DA:5,0
DA:8,0
DA:13,0
DA:16,0
DA:17,0
DA:20,0
DA:21,0
DA:24,0
DA:25,0
DA:29,0
DA:34,0
DA:35,0
DA:37,0
DA:42,0
DA:43,0
end_of_record

SF:/Users/gurkiratsingh/Desktop/Fuzzing Exercises/src/Exercise2/testToken.sol
DA:10,0
DA:13,0
DA:14,0
DA:15,0
DA:23,0
DA:24,0
end_of_record

SF:/Users/gurkiratsingh/Desktop/Fuzzing Exercises/src/Exercise2/token.sol
DA:4,0
DA:5,0
DA:14,0
DA:19,0
DA:22,0
DA:23,0
DA:26,0
DA:27,0
DA:30,0
DA:31,0
DA:35,0
DA:40,0
DA:41,0
DA:43,0
DA:44,0
DA:45,0
end_of_record

SF:/Users/gurkiratsingh/Desktop/Fuzzing Exercises/src/Exercise3/mintable.sol
DA:6,0
DA:7,0
DA:8,0
DA:10,0
DA:11,0
DA:24,0
DA:25,0
DA:27,0
DA:29,0
end_of_record

SF:/Users/gurkiratsingh/Desktop/Fuzzing Exercises/src/Exercise3/testToken.sol
DA:7,0
DA:18,0
DA:20,0
DA:21,0
DA:24,0
DA:26,0
end_of_record

SF:/Users/gurkiratsingh/Desktop/Fuzzing Exercises/src/Exercise3/token.sol
DA:6,0
DA:7,0
DA:10,0
DA:15,0
DA:18,0
DA:19,0
DA:22,0
DA:23,0
DA:26,0
DA:27,0
DA:31,0
DA:36,0
DA:37,0
DA:39,0
DA:40,0
DA:41,0
end_of_record

SF:/Users/gurkiratsingh/Desktop/Fuzzing Exercises/src/Exercise4/testToken.sol
DA:6,0
DA:8,0
DA:9,0
DA:10,0
DA:11,0
DA:12,0
DA:13,0
end_of_record

SF:/Users/gurkiratsingh/Desktop/Fuzzing Exercises/src/Exercise4/token.sol
DA:4,0
DA:5,0
DA:7,0
DA:8,0
DA:12,0
DA:17,0
DA:20,0
DA:21,0
DA:24,0
DA:25,0
DA:28,0
DA:29,0
DA:33,0
DA:38,0
DA:40,0
DA:42,0
DA:47,0
DA:48,0
end_of_record

SF:/Users/gurkiratsingh/Desktop/Fuzzing Exercises/src/Exercise5/CustomERC20.sol
DA:8,87
DA:10,7
DA:11,10
end_of_record

SF:/Users/gurkiratsingh/Desktop/Fuzzing Exercises/src/Exercise5/DamnValuableToken.sol
DA:11,87
DA:14,7
DA:15,10
end_of_record

SF:/Users/gurkiratsingh/Desktop/Fuzzing Exercises/src/Exercise5/EchidnaTest.sol
DA:11,98
DA:13,21
DA:14,34
DA:15,34
DA:16,34
DA:17,28
DA:18,28
DA:21,7
DA:22,43
DA:23,60
DA:24,60
DA:26,91
DA:27,63
DA:29,90
DA:30,91
DA:42,0
DA:46,0
DA:47,0
end_of_record

SF:/Users/gurkiratsingh/Desktop/Fuzzing Exercises/src/Exercise5/ReceiverUnstoppable.sol
DA:12,63
DA:17,31
DA:18,11
DA:19,11
DA:23,18
DA:24,29
DA:26,0
DA:29,18
DA:30,29
DA:31,0
end_of_record

SF:/Users/gurkiratsingh/Desktop/Fuzzing Exercises/src/Exercise5/UnstoppableLender.sol
DA:16,87
DA:18,24
DA:19,25
DA:21,31
DA:22,10
DA:23,11
DA:26,22
DA:27,26
DA:29,80
DA:30,14
DA:33,18
DA:34,26
DA:36,69
DA:37,27
DA:40,7
DA:42,70
DA:44,44
DA:46,0
DA:47,0
end_of_record

