TN:
SF:/Users/gurkiratsingh/Desktop/Fuzzing Exercises/lib/openzeppelin-contracts/contracts/access/AccessControl.sol
DA:1,0
DA:56,28
DA:69,16
DA:76,40
DA:77,21
DA:83,48
DA:84,90
DA:94,1
DA:95,8
DA:96,21
DA:98,23
DA:100,8
DA:102,8
DA:115,40
DA:116,19
DA:129,23
DA:130,0
DA:142,23
DA:143,0
DA:160,23
DA:161,33
DA:163,6
DA:182,4
DA:183,10
DA:197,4
DA:198,13
DA:199,53
DA:200,24
DA:204,4
DA:205,10
DA:206,0
DA:207,0
end_of_record

SF:/Users/gurkiratsingh/Desktop/Fuzzing Exercises/lib/openzeppelin-contracts/contracts/access/IAccessControl.sol
end_of_record

SF:/Users/gurkiratsingh/Desktop/Fuzzing Exercises/lib/openzeppelin-contracts/contracts/token/ERC20/ERC20.sol
DA:34,97
DA:53,32
DA:54,11
DA:55,11
DA:61,24
DA:62,73
DA:69,24
DA:70,73
DA:86,24
DA:87,3
DA:93,24
DA:94,4
DA:100,40
DA:101,21
DA:112,41
DA:113,10
DA:114,3
DA:120,41
DA:121,38
DA:131,41
DA:132,10
DA:133,3
DA:149,41
DA:153,1
DA:154,7
DA:156,42
DA:157,7
DA:159,12
DA:162,4
DA:177,41
DA:178,55
DA:179,3
DA:196,41
DA:197,42
DA:198,27
DA:200,12
DA:203,4
DA:220,5
DA:224,1
DA:225,10
DA:226,30
DA:228,7
DA:230,22
DA:231,27
DA:233,25
DA:235,36
DA:237,23
DA:239,7
DA:251,4
DA:252,10
DA:254,11
DA:256,19
DA:257,36
DA:258,23
DA:260,11
DA:274,5
DA:275,10
DA:277,7
DA:279,22
DA:280,26
DA:282,25
DA:284,19
DA:286,23
DA:288,7
DA:304,5
DA:309,10
DA:310,30
DA:312,40
DA:313,23
DA:330,5
DA:350,5
end_of_record

SF:/Users/gurkiratsingh/Desktop/Fuzzing Exercises/lib/openzeppelin-contracts/contracts/token/ERC20/IERC20.sol
end_of_record

SF:/Users/gurkiratsingh/Desktop/Fuzzing Exercises/lib/openzeppelin-contracts/contracts/token/ERC20/extensions/ERC20Snapshot.sol
DA:87,4
DA:88,5
DA:90,7
DA:91,17
DA:92,4
DA:98,4
DA:99,7
DA:105,41
DA:106,29
DA:108,17
DA:114,39
DA:115,12
DA:117,16
DA:122,5
DA:127,7
DA:129,13
DA:131,5
DA:132,4
DA:133,13
DA:135,5
DA:136,4
DA:139,5
DA:140,5
DA:144,10
DA:145,26
DA:146,30
DA:162,16
DA:164,12
DA:165,9
DA:167,25
DA:171,3
DA:172,27
DA:175,2
DA:176,9
DA:179,5
DA:180,7
DA:181,13
DA:182,36
DA:183,36
DA:187,7
DA:188,10
DA:189,5
DA:191,30
end_of_record

SF:/Users/gurkiratsingh/Desktop/Fuzzing Exercises/lib/openzeppelin-contracts/contracts/token/ERC20/extensions/IERC20Metadata.sol
end_of_record

SF:/Users/gurkiratsingh/Desktop/Fuzzing Exercises/lib/openzeppelin-contracts/contracts/utils/Address.sol
DA:8,0
DA:26,6
DA:31,1
DA:33,4
DA:35,6
DA:54,0
DA:55,0
DA:57,0
DA:58,0
DA:79,7
DA:80,25
DA:89,7
DA:93,1
DA:94,10
DA:108,0
DA:112,0
DA:113,0
DA:122,8
DA:127,1
DA:128,7
DA:129,8
DA:131,72
DA:132,11
DA:195,8
DA:199,1
DA:200,5
DA:201,5
DA:204,7
DA:208,2
DA:209,5
DA:212,0
end_of_record

SF:/Users/gurkiratsingh/Desktop/Fuzzing Exercises/lib/openzeppelin-contracts/contracts/utils/Arrays.sol
DA:15,0
DA:224,8
DA:225,4
DA:226,8
DA:228,6
DA:229,7
DA:232,11
DA:233,9
DA:237,16
DA:238,0
DA:240,10
DA:245,31
DA:246,14
DA:248,5
DA:409,7
DA:410,1
DA:412,3
DA:414,22
end_of_record

SF:/Users/gurkiratsingh/Desktop/Fuzzing Exercises/lib/openzeppelin-contracts/contracts/utils/Comparators.sol
DA:11,0
end_of_record

SF:/Users/gurkiratsingh/Desktop/Fuzzing Exercises/lib/openzeppelin-contracts/contracts/utils/Context.sol
DA:16,4
DA:17,3
end_of_record

SF:/Users/gurkiratsingh/Desktop/Fuzzing Exercises/lib/openzeppelin-contracts/contracts/utils/Counters.sol
DA:13,0
DA:21,6
DA:22,6
DA:25,3
DA:27,16
end_of_record

SF:/Users/gurkiratsingh/Desktop/Fuzzing Exercises/lib/openzeppelin-contracts/contracts/utils/Panic.sol
DA:26,0
end_of_record

SF:/Users/gurkiratsingh/Desktop/Fuzzing Exercises/lib/openzeppelin-contracts/contracts/utils/ReentrancyGuard.sol
DA:33,2
DA:34,2
DA:39,5
DA:51,6
DA:54,5
DA:60,5
end_of_record

SF:/Users/gurkiratsingh/Desktop/Fuzzing Exercises/lib/openzeppelin-contracts/contracts/utils/SlotDerivation.sol
DA:41,0
DA:55,7
DA:57,9
DA:64,6
DA:66,3
DA:67,5
end_of_record

SF:/Users/gurkiratsingh/Desktop/Fuzzing Exercises/lib/openzeppelin-contracts/contracts/utils/StorageSlot.sol
DA:34,0
DA:93,6
DA:95,3
end_of_record

SF:/Users/gurkiratsingh/Desktop/Fuzzing Exercises/lib/openzeppelin-contracts/contracts/utils/Strings.sol
DA:8,0
DA:55,7
DA:56,67
DA:57,24
DA:58,24
DA:59,37
DA:60,36
DA:61,6
DA:63,6
DA:64,4
end_of_record

SF:/Users/gurkiratsingh/Desktop/Fuzzing Exercises/lib/openzeppelin-contracts/contracts/utils/introspection/ERC165.sol
DA:25,6
DA:26,11
end_of_record

SF:/Users/gurkiratsingh/Desktop/Fuzzing Exercises/lib/openzeppelin-contracts/contracts/utils/introspection/IERC165.sol
end_of_record

SF:/Users/gurkiratsingh/Desktop/Fuzzing Exercises/lib/openzeppelin-contracts/contracts/utils/math/Math.sol
DA:12,0
DA:110,7
DA:112,21
end_of_record

SF:/Users/gurkiratsingh/Desktop/Fuzzing Exercises/lib/openzeppelin-contracts/contracts/utils/math/SafeCast.sol
DA:19,0
end_of_record

SF:/Users/gurkiratsingh/Desktop/Fuzzing Exercises/src/Exercise1/testToken.sol
DA:7,0
DA:11,0
DA:12,0
DA:18,0
DA:21,0
DA:23,0
end_of_record

SF:/Users/gurkiratsingh/Desktop/Fuzzing Exercises/src/Exercise1/token.sol
DA:4,0
DA:5,0
DA:8,0
DA:13,0
DA:16,0
DA:17,0
DA:20,0
DA:21,0
DA:24,0
DA:25,0
DA:29,0
DA:34,0
DA:35,0
DA:37,0
DA:42,0
DA:43,0
end_of_record

SF:/Users/gurkiratsingh/Desktop/Fuzzing Exercises/src/Exercise2/testToken.sol
DA:10,0
DA:13,0
DA:14,0
DA:15,0
DA:23,0
DA:24,0
end_of_record

SF:/Users/gurkiratsingh/Desktop/Fuzzing Exercises/src/Exercise2/token.sol
DA:4,0
DA:5,0
DA:14,0
DA:19,0
DA:22,0
DA:23,0
DA:26,0
DA:27,0
DA:30,0
DA:31,0
DA:35,0
DA:40,0
DA:41,0
DA:43,0
DA:44,0
DA:45,0
end_of_record

SF:/Users/gurkiratsingh/Desktop/Fuzzing Exercises/src/Exercise3/mintable.sol
DA:6,0
DA:7,0
DA:8,0
DA:10,0
DA:11,0
DA:24,0
DA:25,0
DA:27,0
DA:29,0
end_of_record

SF:/Users/gurkiratsingh/Desktop/Fuzzing Exercises/src/Exercise3/testToken.sol
DA:7,0
DA:18,0
DA:20,0
DA:21,0
DA:24,0
DA:26,0
end_of_record

SF:/Users/gurkiratsingh/Desktop/Fuzzing Exercises/src/Exercise3/token.sol
DA:6,0
DA:7,0
DA:10,0
DA:15,0
DA:18,0
DA:19,0
DA:22,0
DA:23,0
DA:26,0
DA:27,0
DA:31,0
DA:36,0
DA:37,0
DA:39,0
DA:40,0
DA:41,0
end_of_record

SF:/Users/gurkiratsingh/Desktop/Fuzzing Exercises/src/Exercise4/testToken.sol
DA:6,0
DA:8,0
DA:9,0
DA:10,0
DA:11,0
DA:12,0
DA:13,0
end_of_record

SF:/Users/gurkiratsingh/Desktop/Fuzzing Exercises/src/Exercise4/token.sol
DA:4,0
DA:5,0
DA:7,0
DA:8,0
DA:12,0
DA:17,0
DA:20,0
DA:21,0
DA:24,0
DA:25,0
DA:28,0
DA:29,0
DA:33,0
DA:38,0
DA:40,0
DA:42,0
DA:47,0
DA:48,0
end_of_record

SF:/Users/gurkiratsingh/Desktop/Fuzzing Exercises/src/Exercise5/EchidnaNaiveReciever.sol
DA:8,0
DA:13,0
DA:14,0
DA:19,0
DA:20,0
DA:21,0
DA:32,0
DA:41,0
DA:44,0
end_of_record

SF:/Users/gurkiratsingh/Desktop/Fuzzing Exercises/src/Exercise5/FlashLoanReceiver.sol
DA:11,0
DA:16,0
DA:17,0
DA:21,0
DA:22,0
DA:24,0
DA:26,0
DA:28,0
DA:31,0
DA:35,0
end_of_record

SF:/Users/gurkiratsingh/Desktop/Fuzzing Exercises/src/Exercise5/NaiveReceiverLenderPool.sol
DA:11,0
DA:15,0
DA:17,0
DA:18,0
DA:21,0
DA:23,0
DA:24,0
DA:27,0
DA:29,0
DA:30,0
DA:34,0
DA:37,0
DA:38,0
end_of_record

SF:/Users/gurkiratsingh/Desktop/Fuzzing Exercises/src/Exercise6/CustomERC20.sol
DA:8,97
DA:10,7
DA:11,10
end_of_record

SF:/Users/gurkiratsingh/Desktop/Fuzzing Exercises/src/Exercise6/DamnValuableToken.sol
DA:11,97
DA:14,7
DA:15,10
end_of_record

SF:/Users/gurkiratsingh/Desktop/Fuzzing Exercises/src/Exercise6/EchidnaReciever.sol
DA:11,0
DA:13,0
DA:14,0
DA:15,0
DA:16,0
DA:17,0
DA:18,0
DA:21,0
DA:22,0
DA:23,0
DA:24,0
DA:26,0
DA:27,0
DA:29,0
DA:30,0
DA:33,0
DA:34,0
DA:36,0
DA:37,0
DA:42,0
DA:45,0
DA:47,0
end_of_record

SF:/Users/gurkiratsingh/Desktop/Fuzzing Exercises/src/Exercise6/ReceiverUnstoppable.sol
DA:12,0
DA:17,0
DA:18,0
DA:19,0
DA:23,0
DA:24,0
DA:26,0
DA:29,0
DA:30,0
DA:31,0
end_of_record

SF:/Users/gurkiratsingh/Desktop/Fuzzing Exercises/src/Exercise6/UnstoppableLender.sol
DA:16,0
DA:18,0
DA:19,0
DA:21,0
DA:22,0
DA:23,0
DA:26,0
DA:27,0
DA:29,0
DA:30,0
DA:33,0
DA:34,0
DA:36,0
DA:37,0
DA:40,0
DA:42,0
DA:44,0
DA:46,0
DA:47,0
end_of_record

SF:/Users/gurkiratsingh/Desktop/Fuzzing Exercises/src/Exercise7/EchidnaSideEntrance.sol
DA:7,0
DA:9,0
DA:11,0
DA:12,0
end_of_record

SF:/Users/gurkiratsingh/Desktop/Fuzzing Exercises/src/Exercise7/SideEntranceLenderPool.sol
DA:14,0
DA:19,0
DA:20,0
DA:23,0
DA:24,0
DA:25,0
DA:26,0
DA:29,0
DA:30,0
DA:31,0
DA:33,0
DA:35,0
end_of_record

SF:/Users/gurkiratsingh/Desktop/Fuzzing Exercises/src/Exercise8/AccountingToken.sol
DA:14,196
DA:16,26
DA:17,26
DA:18,26
DA:20,7
DA:21,11
DA:22,9
DA:23,9
DA:24,9
DA:27,23
DA:28,28
DA:29,6
DA:32,23
DA:33,28
DA:34,6
DA:37,24
DA:38,28
DA:39,6
DA:49,1
DA:50,20
end_of_record

SF:/Users/gurkiratsingh/Desktop/Fuzzing Exercises/src/Exercise8/DamnValuableToken.sol
DA:11,97
DA:14,7
DA:15,10
end_of_record

SF:/Users/gurkiratsingh/Desktop/Fuzzing Exercises/src/Exercise8/EchidnaRewarder.sol
DA:16,34
DA:17,3
DA:18,3
DA:20,27
DA:24,1
DA:25,1
DA:26,1
DA:30,1
DA:31,25
DA:33,1
DA:34,32
DA:36,71
DA:38,1
DA:39,32
DA:41,78
DA:42,60
DA:44,12
DA:48,75
DA:49,3
DA:63,1
DA:64,26
DA:65,132
DA:66,89
DA:69,22
DA:70,23
DA:71,17
DA:75,4
DA:77,81
DA:79,97
DA:86,2
DA:88,15
DA:89,91
DA:90,70
DA:93,15
DA:94,70
DA:97,15
DA:98,71
DA:102,22
DA:103,21
DA:106,22
DA:107,21
DA:110,22
DA:111,21
DA:114,23
DA:115,72
DA:116,23
DA:117,3
DA:118,9
DA:121,23
DA:122,89
DA:126,6
DA:128,71
DA:135,8
DA:136,10
end_of_record

SF:/Users/gurkiratsingh/Desktop/Fuzzing Exercises/src/Exercise8/FlashLoanerPool.sol
DA:15,67
DA:19,24
DA:21,31
DA:22,11
DA:26,23
DA:27,69
DA:28,27
DA:30,30
DA:32,70
DA:34,13
DA:35,43
DA:37,1
DA:41,72
end_of_record

SF:/Users/gurkiratsingh/Desktop/Fuzzing Exercises/src/Exercise8/RewardToken.sol
DA:13,154
DA:15,26
DA:17,7
DA:18,11
DA:19,9
DA:22,23
DA:23,12
DA:24,6
end_of_record

SF:/Users/gurkiratsingh/Desktop/Fuzzing Exercises/src/Exercise8/TheRewarderPool.sol
DA:14,142
DA:17,2
DA:19,26
DA:20,25
DA:22,52
DA:25,24
DA:29,34
DA:32,24
DA:35,26
DA:37,31
DA:39,11
DA:40,43
DA:41,33
DA:43,8
DA:49,22
DA:50,26
DA:52,72
DA:53,5
DA:55,3
DA:56,79
DA:60,22
DA:61,72
DA:62,72
DA:65,25
DA:66,4
DA:68,8
DA:69,4
DA:72,80
DA:73,82
DA:75,16
DA:76,24
DA:78,19
DA:79,54
DA:80,23
DA:84,6
DA:87,4
DA:88,150
DA:89,12
DA:90,36
DA:93,6
DA:94,2
DA:95,29
DA:96,29
DA:100,26
DA:101,13
end_of_record

